INFO:     Will watch for changes in these directories: ['C:\\Users\\mayuresh\\OneDrive\\Desktop\\collage_super_ap']
INFO:     Uvicorn running on http://127.0.0.1:8000 (Press CTRL+C to quit)
INFO:     Started reloader process [28356] using StatReload
INFO:     Started server process [16844]
INFO:     Waiting for application startup.
INFO:     Application startup complete.
INFO:     127.0.0.1:58187 - "POST /api/python/upload HTTP/1.1" 200 OK
WARNING:  StatReload detected changes in 'api\processor.py'. Reloading...
 INFO:     Shutting down
INFO:     Waiting for application shutdown.
INFO:     Application shutdown complete.
INFO:     Finished server process [16844]
INFO:     Started server process [26512]
INFO:     Waiting for application startup.
INFO:     Application startup complete.
WARNING:  StatReload detected changes in 'api\python.py'. Reloading...
 INFO:     Shutting down
INFO:     Waiting for application shutdown.
INFO:     Application shutdown complete.
INFO:     Finished server process [26512]
INFO:     Started server process [25832]
INFO:     Waiting for application startup.
INFO:     Application startup complete.
INFO:     127.0.0.1:58263 - "POST /api/python/download HTTP/1.1" 200 OK
INFO:     127.0.0.1:52860 - "POST /api/python/upload HTTP/1.1" 200 OK
WARNING:  StatReload detected changes in 'api\processor.py'. Reloading...
 INFO:     Shutting down
INFO:     Waiting for application shutdown.
INFO:     Application shutdown complete.
INFO:     Finished server process [25832]
INFO:     Started server process [2632]
INFO:     Waiting for application startup.
INFO:     Application startup complete.
INFO:     127.0.0.1:55089 - "POST /api/python/upload HTTP/1.1" 200 OK
INFO:     127.0.0.1:55094 - "POST /api/python/download HTTP/1.1" 200 OK
INFO:     127.0.0.1:55111 - "POST /api/python/download HTTP/1.1" 200 OK
INFO:     Shutting down
INFO:     Waiting for application shutdown.
INFO:     Application shutdown complete.
INFO:     Finished server process [2632]
INFO:     Stopping reloader process [28356]
